TN:
SF:helper_function.js
FN:1,findMean
FN:9,findMedian
FN:30,findMode
FN:53,createFrequencyCounter
FN:67,convertAndValidateNumsArray
FNF:5
FNH:4
FNDA:2,findMean
FNDA:2,findMedian
FNDA:1,findMode
FNDA:1,createFrequencyCounter
FNDA:0,convertAndValidateNumsArray
DA:1,2
DA:2,2
DA:3,2
DA:4,8
DA:5,2
DA:6,2
DA:7,1
DA:8,1
DA:9,2
DA:10,2
DA:11,2
DA:12,2
DA:13,2
DA:14,2
DA:15,2
DA:16,1
DA:17,1
DA:18,1
DA:19,1
DA:20,2
DA:21,2
DA:22,2
DA:23,1
DA:24,1
DA:25,1
DA:26,1
DA:27,1
DA:28,1
DA:29,1
DA:30,1
DA:31,1
DA:32,1
DA:33,1
DA:34,1
DA:35,1
DA:36,1
DA:37,3
DA:38,2
DA:39,2
DA:40,2
DA:41,3
DA:42,1
DA:43,1
DA:44,1
DA:45,1
DA:46,1
DA:47,1
DA:48,1
DA:49,1
DA:50,1
DA:51,1
DA:52,1
DA:53,1
DA:54,1
DA:55,5
DA:56,5
DA:57,1
DA:58,1
DA:59,1
DA:60,1
DA:61,1
DA:62,1
DA:63,1
DA:64,1
DA:65,1
DA:66,1
DA:67,1
DA:68,0
DA:69,0
DA:70,0
DA:71,0
DA:72,0
DA:73,0
DA:74,0
DA:75,0
DA:76,0
DA:77,0
DA:78,0
DA:79,0
DA:80,0
DA:81,0
DA:82,0
DA:83,1
DA:84,1
DA:85,1
DA:86,1
DA:87,1
DA:88,1
DA:89,1
DA:90,1
DA:91,1
LF:91
LH:76
BRDA:1,0,0,2
BRDA:2,1,0,0
BRDA:3,2,0,8
BRDA:9,3,0,2
BRDA:15,4,0,1
BRDA:10,5,0,9
BRDA:30,6,0,1
BRDA:36,7,0,3
BRDA:37,8,0,2
BRDA:53,9,0,1
BRDA:54,10,0,5
BRDA:55,11,0,3
BRF:12
BRH:11
end_of_record
